TN:
SF:C:/Users/StArn/Desktop/Softuni/SmartContractDevelopmentWithSolidityCourseProject/contracts/DDNSBanking.sol
FN:29,DDNSBanking
FN:33,changeRegistrationCost
FN:38,changeExpiryPeriod
FN:44,changeWallet
FN:50,withdraw
FNF:5
FNH:5
FNDA:56,DDNSBanking
FNDA:2,changeRegistrationCost
FNDA:3,changeExpiryPeriod
FNDA:4,changeWallet
FNDA:3,withdraw
DA:30,56
DA:34,2
DA:35,2
DA:39,3
DA:40,2
DA:41,2
DA:45,4
DA:46,3
DA:47,3
DA:51,3
DA:52,2
DA:53,2
LF:12
LH:12
BRDA:39,1,0,2
BRDA:39,1,1,1
BRDA:45,2,0,3
BRDA:45,2,1,1
BRDA:51,3,0,2
BRDA:51,3,1,1
BRF:6
BRH:6
end_of_record
TN:
SF:C:/Users/StArn/Desktop/Softuni/SmartContractDevelopmentWithSolidityCourseProject/contracts/DDNSCore.sol
FN:69,nameLengthRestricted
FN:74,ipAddressLengthRestricted
FN:79,topLevelDomainLengthRestricted
FN:84,nameLengthPriced
FN:89,onlyDomainOwner
FN:95,registerDomain
FN:122,renewDomainRegistration
FN:148,editDomainIp
FN:158,transferOwnership
FN:170,getDomainPrice
FN:174,getDomainKey
FN:178,_adjustPriceToNameLength
FN:192,_isNewDomainRegistration
FN:196,_issueReceipt
FNF:14
FNH:14
FNDA:28,nameLengthRestricted
FNDA:30,ipAddressLengthRestricted
FNDA:26,topLevelDomainLengthRestricted
FNDA:31,nameLengthPriced
FNDA:13,onlyDomainOwner
FNDA:23,registerDomain
FNDA:4,renewDomainRegistration
FNDA:2,editDomainIp
FNDA:3,transferOwnership
FNDA:5,getDomainPrice
FNDA:51,getDomainKey
FNDA:36,_adjustPriceToNameLength
FNDA:22,_isNewDomainRegistration
FNDA:26,_issueReceipt
DA:70,28
DA:71,27
DA:75,30
DA:76,28
DA:80,26
DA:81,25
DA:85,31
DA:86,28
DA:90,13
DA:91,13
DA:92,10
DA:107,23
DA:110,23
DA:112,22
DA:113,21
DA:117,22
DA:119,22
DA:128,4
DA:130,4
DA:131,3
DA:134,1
DA:137,4
DA:145,4
DA:153,2
DA:154,2
DA:155,2
DA:162,3
DA:164,2
DA:166,2
DA:167,2
DA:171,5
DA:175,51
DA:179,36
DA:180,6
DA:181,6
DA:182,6
DA:185,6
DA:186,6
DA:187,6
DA:189,30
DA:193,22
DA:198,26
DA:200,26
LF:43
LH:43
BRDA:70,1,0,27
BRDA:70,1,1,1
BRDA:75,2,0,28
BRDA:75,2,1,2
BRDA:80,3,0,25
BRDA:80,3,1,1
BRDA:85,4,0,28
BRDA:85,4,1,3
BRDA:91,5,0,10
BRDA:91,5,1,3
BRDA:110,6,0,22
BRDA:110,6,1,1
BRDA:112,7,0,21
BRDA:112,7,1,1
BRDA:130,8,0,3
BRDA:130,8,1,1
BRDA:162,9,0,2
BRDA:162,9,1,1
BRDA:179,10,0,6
BRDA:179,10,1,30
BRF:20
BRH:20
end_of_record
